05-Mar-2018 17:12:38.662 INFO [main] org.apache.catalina.startup.VersionLoggerListener.log Server version:        Apache Tomcat/9.0.5
05-Mar-2018 17:12:38.678 INFO [main] org.apache.catalina.startup.VersionLoggerListener.log Server built:          Feb 6 2018 21:42:23 UTC
05-Mar-2018 17:12:38.680 INFO [main] org.apache.catalina.startup.VersionLoggerListener.log Server number:         9.0.5.0
05-Mar-2018 17:12:38.680 INFO [main] org.apache.catalina.startup.VersionLoggerListener.log OS Name:               Mac OS X
05-Mar-2018 17:12:38.681 INFO [main] org.apache.catalina.startup.VersionLoggerListener.log OS Version:            10.13.3
05-Mar-2018 17:12:38.681 INFO [main] org.apache.catalina.startup.VersionLoggerListener.log Architecture:          x86_64
05-Mar-2018 17:12:38.682 INFO [main] org.apache.catalina.startup.VersionLoggerListener.log Java Home:             /Library/Java/JavaVirtualMachines/jdk1.8.0_161.jdk/Contents/Home/jre
05-Mar-2018 17:12:38.683 INFO [main] org.apache.catalina.startup.VersionLoggerListener.log JVM Version:           1.8.0_161-b12
05-Mar-2018 17:12:38.683 INFO [main] org.apache.catalina.startup.VersionLoggerListener.log JVM Vendor:            Oracle Corporation
05-Mar-2018 17:12:38.684 INFO [main] org.apache.catalina.startup.VersionLoggerListener.log CATALINA_BASE:         /Users/Alex/Desktop/CMPT470/apache-tomcat-9.0.5
05-Mar-2018 17:12:38.684 INFO [main] org.apache.catalina.startup.VersionLoggerListener.log CATALINA_HOME:         /Users/Alex/Desktop/CMPT470/apache-tomcat-9.0.5
05-Mar-2018 17:12:38.685 INFO [main] org.apache.catalina.startup.VersionLoggerListener.log Command line argument: -Djava.util.logging.config.file=/Users/Alex/Desktop/CMPT470/apache-tomcat-9.0.5/conf/logging.properties
05-Mar-2018 17:12:38.686 INFO [main] org.apache.catalina.startup.VersionLoggerListener.log Command line argument: -Djava.util.logging.manager=org.apache.juli.ClassLoaderLogManager
05-Mar-2018 17:12:38.686 INFO [main] org.apache.catalina.startup.VersionLoggerListener.log Command line argument: -Djdk.tls.ephemeralDHKeySize=2048
05-Mar-2018 17:12:38.687 INFO [main] org.apache.catalina.startup.VersionLoggerListener.log Command line argument: -Djava.protocol.handler.pkgs=org.apache.catalina.webresources
05-Mar-2018 17:12:38.687 INFO [main] org.apache.catalina.startup.VersionLoggerListener.log Command line argument: -Dignore.endorsed.dirs=
05-Mar-2018 17:12:38.687 INFO [main] org.apache.catalina.startup.VersionLoggerListener.log Command line argument: -Dcatalina.base=/Users/Alex/Desktop/CMPT470/apache-tomcat-9.0.5
05-Mar-2018 17:12:38.688 INFO [main] org.apache.catalina.startup.VersionLoggerListener.log Command line argument: -Dcatalina.home=/Users/Alex/Desktop/CMPT470/apache-tomcat-9.0.5
05-Mar-2018 17:12:38.688 INFO [main] org.apache.catalina.startup.VersionLoggerListener.log Command line argument: -Djava.io.tmpdir=/Users/Alex/Desktop/CMPT470/apache-tomcat-9.0.5/temp
05-Mar-2018 17:12:38.688 INFO [main] org.apache.catalina.core.AprLifecycleListener.lifecycleEvent The APR based Apache Tomcat Native library which allows optimal performance in production environments was not found on the java.library.path: [/Users/Alex/Library/Java/Extensions:/Library/Java/Extensions:/Network/Library/Java/Extensions:/System/Library/Java/Extensions:/usr/lib/java:.]
05-Mar-2018 17:12:38.904 INFO [main] org.apache.coyote.AbstractProtocol.init Initializing ProtocolHandler ["http-nio-8080"]
05-Mar-2018 17:12:38.933 INFO [main] org.apache.tomcat.util.net.NioSelectorPool.getSharedSelector Using a shared selector for servlet write/read
05-Mar-2018 17:12:38.940 INFO [main] org.apache.coyote.AbstractProtocol.init Initializing ProtocolHandler ["ajp-nio-8009"]
05-Mar-2018 17:12:38.941 INFO [main] org.apache.tomcat.util.net.NioSelectorPool.getSharedSelector Using a shared selector for servlet write/read
05-Mar-2018 17:12:38.943 INFO [main] org.apache.catalina.startup.Catalina.load Initialization processed in 984 ms
05-Mar-2018 17:12:39.007 INFO [main] org.apache.catalina.core.StandardService.startInternal Starting service [Catalina]
05-Mar-2018 17:12:39.007 INFO [main] org.apache.catalina.core.StandardEngine.startInternal Starting Servlet Engine: Apache Tomcat/9.0.5
05-Mar-2018 17:12:39.015 INFO [main] org.apache.catalina.startup.HostConfig.deployDirectory Deploying web application directory [/Users/Alex/Desktop/CMPT470/apache-tomcat-9.0.5/webapps/docs]
05-Mar-2018 17:12:39.568 INFO [main] org.apache.catalina.startup.HostConfig.deployDirectory Deployment of web application directory [/Users/Alex/Desktop/CMPT470/apache-tomcat-9.0.5/webapps/docs] has finished in [548] ms
05-Mar-2018 17:12:39.569 INFO [main] org.apache.catalina.startup.HostConfig.deployDirectory Deploying web application directory [/Users/Alex/Desktop/CMPT470/apache-tomcat-9.0.5/webapps/manager]
05-Mar-2018 17:12:39.653 INFO [main] org.apache.catalina.startup.HostConfig.deployDirectory Deployment of web application directory [/Users/Alex/Desktop/CMPT470/apache-tomcat-9.0.5/webapps/manager] has finished in [84] ms
05-Mar-2018 17:12:39.653 INFO [main] org.apache.catalina.startup.HostConfig.deployDirectory Deploying web application directory [/Users/Alex/Desktop/CMPT470/apache-tomcat-9.0.5/webapps/examples]
05-Mar-2018 17:12:40.163 INFO [main] org.apache.catalina.startup.HostConfig.deployDirectory Deployment of web application directory [/Users/Alex/Desktop/CMPT470/apache-tomcat-9.0.5/webapps/examples] has finished in [510] ms
05-Mar-2018 17:12:40.164 INFO [main] org.apache.catalina.startup.HostConfig.deployDirectory Deploying web application directory [/Users/Alex/Desktop/CMPT470/apache-tomcat-9.0.5/webapps/ROOT]
05-Mar-2018 17:12:40.187 INFO [main] org.apache.catalina.startup.HostConfig.deployDirectory Deployment of web application directory [/Users/Alex/Desktop/CMPT470/apache-tomcat-9.0.5/webapps/ROOT] has finished in [23] ms
05-Mar-2018 17:12:40.187 INFO [main] org.apache.catalina.startup.HostConfig.deployDirectory Deploying web application directory [/Users/Alex/Desktop/CMPT470/apache-tomcat-9.0.5/webapps/host-manager]
05-Mar-2018 17:12:40.208 INFO [main] org.apache.catalina.startup.HostConfig.deployDirectory Deployment of web application directory [/Users/Alex/Desktop/CMPT470/apache-tomcat-9.0.5/webapps/host-manager] has finished in [21] ms
05-Mar-2018 17:12:40.211 INFO [main] org.apache.coyote.AbstractProtocol.start Starting ProtocolHandler ["http-nio-8080"]
05-Mar-2018 17:12:40.222 INFO [main] org.apache.coyote.AbstractProtocol.start Starting ProtocolHandler ["ajp-nio-8009"]
05-Mar-2018 17:12:40.228 INFO [main] org.apache.catalina.startup.Catalina.start Server startup in 1282 ms
05-Mar-2018 17:17:31.252 INFO [main] org.apache.catalina.core.StandardServer.await A valid shutdown command was received via the shutdown port. Stopping the Server instance.
05-Mar-2018 17:17:31.253 INFO [main] org.apache.coyote.AbstractProtocol.pause Pausing ProtocolHandler ["http-nio-8080"]
05-Mar-2018 17:17:31.308 INFO [main] org.apache.coyote.AbstractProtocol.pause Pausing ProtocolHandler ["ajp-nio-8009"]
05-Mar-2018 17:17:31.364 INFO [main] org.apache.catalina.core.StandardService.stopInternal Stopping service [Catalina]
05-Mar-2018 17:17:31.393 INFO [main] org.apache.coyote.AbstractProtocol.stop Stopping ProtocolHandler ["http-nio-8080"]
05-Mar-2018 17:17:31.401 INFO [main] org.apache.coyote.AbstractProtocol.stop Stopping ProtocolHandler ["ajp-nio-8009"]
05-Mar-2018 17:17:31.403 INFO [main] org.apache.coyote.AbstractProtocol.destroy Destroying ProtocolHandler ["http-nio-8080"]
05-Mar-2018 17:17:31.404 INFO [main] org.apache.coyote.AbstractProtocol.destroy Destroying ProtocolHandler ["ajp-nio-8009"]
05-Mar-2018 17:17:35.296 INFO [main] org.apache.catalina.startup.VersionLoggerListener.log Server version:        Apache Tomcat/9.0.5
05-Mar-2018 17:17:35.303 INFO [main] org.apache.catalina.startup.VersionLoggerListener.log Server built:          Feb 6 2018 21:42:23 UTC
05-Mar-2018 17:17:35.303 INFO [main] org.apache.catalina.startup.VersionLoggerListener.log Server number:         9.0.5.0
05-Mar-2018 17:17:35.304 INFO [main] org.apache.catalina.startup.VersionLoggerListener.log OS Name:               Mac OS X
05-Mar-2018 17:17:35.304 INFO [main] org.apache.catalina.startup.VersionLoggerListener.log OS Version:            10.13.3
05-Mar-2018 17:17:35.305 INFO [main] org.apache.catalina.startup.VersionLoggerListener.log Architecture:          x86_64
05-Mar-2018 17:17:35.306 INFO [main] org.apache.catalina.startup.VersionLoggerListener.log Java Home:             /Library/Java/JavaVirtualMachines/jdk1.8.0_161.jdk/Contents/Home/jre
05-Mar-2018 17:17:35.307 INFO [main] org.apache.catalina.startup.VersionLoggerListener.log JVM Version:           1.8.0_161-b12
05-Mar-2018 17:17:35.307 INFO [main] org.apache.catalina.startup.VersionLoggerListener.log JVM Vendor:            Oracle Corporation
05-Mar-2018 17:17:35.307 INFO [main] org.apache.catalina.startup.VersionLoggerListener.log CATALINA_BASE:         /Users/Alex/Desktop/CMPT470/apache-tomcat-9.0.5
05-Mar-2018 17:17:35.307 INFO [main] org.apache.catalina.startup.VersionLoggerListener.log CATALINA_HOME:         /Users/Alex/Desktop/CMPT470/apache-tomcat-9.0.5
05-Mar-2018 17:17:35.309 INFO [main] org.apache.catalina.startup.VersionLoggerListener.log Command line argument: -Djava.util.logging.config.file=/Users/Alex/Desktop/CMPT470/apache-tomcat-9.0.5/conf/logging.properties
05-Mar-2018 17:17:35.309 INFO [main] org.apache.catalina.startup.VersionLoggerListener.log Command line argument: -Djava.util.logging.manager=org.apache.juli.ClassLoaderLogManager
05-Mar-2018 17:17:35.309 INFO [main] org.apache.catalina.startup.VersionLoggerListener.log Command line argument: -Djdk.tls.ephemeralDHKeySize=2048
05-Mar-2018 17:17:35.310 INFO [main] org.apache.catalina.startup.VersionLoggerListener.log Command line argument: -Djava.protocol.handler.pkgs=org.apache.catalina.webresources
05-Mar-2018 17:17:35.310 INFO [main] org.apache.catalina.startup.VersionLoggerListener.log Command line argument: -Dignore.endorsed.dirs=
05-Mar-2018 17:17:35.310 INFO [main] org.apache.catalina.startup.VersionLoggerListener.log Command line argument: -Dcatalina.base=/Users/Alex/Desktop/CMPT470/apache-tomcat-9.0.5
05-Mar-2018 17:17:35.311 INFO [main] org.apache.catalina.startup.VersionLoggerListener.log Command line argument: -Dcatalina.home=/Users/Alex/Desktop/CMPT470/apache-tomcat-9.0.5
05-Mar-2018 17:17:35.311 INFO [main] org.apache.catalina.startup.VersionLoggerListener.log Command line argument: -Djava.io.tmpdir=/Users/Alex/Desktop/CMPT470/apache-tomcat-9.0.5/temp
05-Mar-2018 17:17:35.312 INFO [main] org.apache.catalina.core.AprLifecycleListener.lifecycleEvent The APR based Apache Tomcat Native library which allows optimal performance in production environments was not found on the java.library.path: [/Users/Alex/Library/Java/Extensions:/Library/Java/Extensions:/Network/Library/Java/Extensions:/System/Library/Java/Extensions:/usr/lib/java:.]
05-Mar-2018 17:17:35.576 INFO [main] org.apache.coyote.AbstractProtocol.init Initializing ProtocolHandler ["http-nio-8080"]
05-Mar-2018 17:17:35.622 INFO [main] org.apache.tomcat.util.net.NioSelectorPool.getSharedSelector Using a shared selector for servlet write/read
05-Mar-2018 17:17:35.636 INFO [main] org.apache.coyote.AbstractProtocol.init Initializing ProtocolHandler ["ajp-nio-8009"]
05-Mar-2018 17:17:35.637 INFO [main] org.apache.tomcat.util.net.NioSelectorPool.getSharedSelector Using a shared selector for servlet write/read
05-Mar-2018 17:17:35.638 INFO [main] org.apache.catalina.startup.Catalina.load Initialization processed in 843 ms
05-Mar-2018 17:17:35.679 INFO [main] org.apache.catalina.core.StandardService.startInternal Starting service [Catalina]
05-Mar-2018 17:17:35.680 INFO [main] org.apache.catalina.core.StandardEngine.startInternal Starting Servlet Engine: Apache Tomcat/9.0.5
05-Mar-2018 17:17:35.689 INFO [main] org.apache.catalina.startup.HostConfig.deployDirectory Deploying web application directory [/Users/Alex/Desktop/CMPT470/apache-tomcat-9.0.5/webapps/docs]
05-Mar-2018 17:17:36.294 INFO [main] org.apache.catalina.startup.HostConfig.deployDirectory Deployment of web application directory [/Users/Alex/Desktop/CMPT470/apache-tomcat-9.0.5/webapps/docs] has finished in [604] ms
05-Mar-2018 17:17:36.294 INFO [main] org.apache.catalina.startup.HostConfig.deployDirectory Deploying web application directory [/Users/Alex/Desktop/CMPT470/apache-tomcat-9.0.5/webapps/manager]
05-Mar-2018 17:17:36.382 INFO [main] org.apache.catalina.startup.HostConfig.deployDirectory Deployment of web application directory [/Users/Alex/Desktop/CMPT470/apache-tomcat-9.0.5/webapps/manager] has finished in [88] ms
05-Mar-2018 17:17:36.384 INFO [main] org.apache.catalina.startup.HostConfig.deployDirectory Deploying web application directory [/Users/Alex/Desktop/CMPT470/apache-tomcat-9.0.5/webapps/examples]
05-Mar-2018 17:17:36.773 INFO [main] org.apache.catalina.startup.HostConfig.deployDirectory Deployment of web application directory [/Users/Alex/Desktop/CMPT470/apache-tomcat-9.0.5/webapps/examples] has finished in [390] ms
05-Mar-2018 17:17:36.773 INFO [main] org.apache.catalina.startup.HostConfig.deployDirectory Deploying web application directory [/Users/Alex/Desktop/CMPT470/apache-tomcat-9.0.5/webapps/ROOT]
05-Mar-2018 17:17:36.792 INFO [main] org.apache.catalina.startup.HostConfig.deployDirectory Deployment of web application directory [/Users/Alex/Desktop/CMPT470/apache-tomcat-9.0.5/webapps/ROOT] has finished in [19] ms
05-Mar-2018 17:17:36.792 INFO [main] org.apache.catalina.startup.HostConfig.deployDirectory Deploying web application directory [/Users/Alex/Desktop/CMPT470/apache-tomcat-9.0.5/webapps/host-manager]
05-Mar-2018 17:17:36.815 INFO [main] org.apache.catalina.startup.HostConfig.deployDirectory Deployment of web application directory [/Users/Alex/Desktop/CMPT470/apache-tomcat-9.0.5/webapps/host-manager] has finished in [23] ms
05-Mar-2018 17:17:36.819 INFO [main] org.apache.coyote.AbstractProtocol.start Starting ProtocolHandler ["http-nio-8080"]
05-Mar-2018 17:17:36.830 INFO [main] org.apache.coyote.AbstractProtocol.start Starting ProtocolHandler ["ajp-nio-8009"]
05-Mar-2018 17:17:36.832 INFO [main] org.apache.catalina.startup.Catalina.start Server startup in 1193 ms
05-Mar-2018 17:19:04.062 WARNING [main] org.apache.catalina.core.StandardServer.await StandardServer.await: Invalid command '' received
05-Mar-2018 17:22:56.601 WARNING [main] org.apache.catalina.core.StandardServer.await StandardServer.await: Invalid command '' received
05-Mar-2018 17:27:21.891 WARNING [main] org.apache.catalina.core.StandardServer.await StandardServer.await: Invalid command '' received
05-Mar-2018 17:31:39.299 WARNING [main] org.apache.catalina.core.StandardServer.await StandardServer.await: Invalid command '' received
05-Mar-2018 17:33:52.195 WARNING [main] org.apache.catalina.core.StandardServer.await StandardServer.await: Invalid command '' received
05-Mar-2018 23:39:56.485 INFO [main] org.apache.catalina.core.StandardServer.await A valid shutdown command was received via the shutdown port. Stopping the Server instance.
05-Mar-2018 23:39:56.504 INFO [main] org.apache.coyote.AbstractProtocol.pause Pausing ProtocolHandler ["http-nio-8080"]
05-Mar-2018 23:39:56.598 INFO [main] org.apache.coyote.AbstractProtocol.pause Pausing ProtocolHandler ["ajp-nio-8009"]
05-Mar-2018 23:39:56.652 INFO [main] org.apache.catalina.core.StandardService.stopInternal Stopping service [Catalina]
05-Mar-2018 23:39:56.760 INFO [main] org.apache.coyote.AbstractProtocol.stop Stopping ProtocolHandler ["http-nio-8080"]
05-Mar-2018 23:39:56.775 INFO [main] org.apache.coyote.AbstractProtocol.stop Stopping ProtocolHandler ["ajp-nio-8009"]
05-Mar-2018 23:39:56.778 INFO [main] org.apache.coyote.AbstractProtocol.destroy Destroying ProtocolHandler ["http-nio-8080"]
05-Mar-2018 23:39:56.779 INFO [main] org.apache.coyote.AbstractProtocol.destroy Destroying ProtocolHandler ["ajp-nio-8009"]
