12-Mar-2018 16:05:07.149 INFO [main] org.apache.catalina.startup.VersionLoggerListener.log Server version:        Apache Tomcat/9.0.5
12-Mar-2018 16:05:07.154 INFO [main] org.apache.catalina.startup.VersionLoggerListener.log Server built:          Feb 6 2018 21:42:23 UTC
12-Mar-2018 16:05:07.155 INFO [main] org.apache.catalina.startup.VersionLoggerListener.log Server number:         9.0.5.0
12-Mar-2018 16:05:07.155 INFO [main] org.apache.catalina.startup.VersionLoggerListener.log OS Name:               Mac OS X
12-Mar-2018 16:05:07.155 INFO [main] org.apache.catalina.startup.VersionLoggerListener.log OS Version:            10.13.3
12-Mar-2018 16:05:07.155 INFO [main] org.apache.catalina.startup.VersionLoggerListener.log Architecture:          x86_64
12-Mar-2018 16:05:07.155 INFO [main] org.apache.catalina.startup.VersionLoggerListener.log Java Home:             /Library/Java/JavaVirtualMachines/jdk1.8.0_161.jdk/Contents/Home/jre
12-Mar-2018 16:05:07.155 INFO [main] org.apache.catalina.startup.VersionLoggerListener.log JVM Version:           1.8.0_161-b12
12-Mar-2018 16:05:07.155 INFO [main] org.apache.catalina.startup.VersionLoggerListener.log JVM Vendor:            Oracle Corporation
12-Mar-2018 16:05:07.156 INFO [main] org.apache.catalina.startup.VersionLoggerListener.log CATALINA_BASE:         /Users/Alex/Desktop/CMPT470/apache-tomcat-9.0.5
12-Mar-2018 16:05:07.156 INFO [main] org.apache.catalina.startup.VersionLoggerListener.log CATALINA_HOME:         /Users/Alex/Desktop/CMPT470/apache-tomcat-9.0.5
12-Mar-2018 16:05:07.157 INFO [main] org.apache.catalina.startup.VersionLoggerListener.log Command line argument: -Djava.util.logging.config.file=/Users/Alex/Desktop/CMPT470/apache-tomcat-9.0.5/conf/logging.properties
12-Mar-2018 16:05:07.157 INFO [main] org.apache.catalina.startup.VersionLoggerListener.log Command line argument: -Djava.util.logging.manager=org.apache.juli.ClassLoaderLogManager
12-Mar-2018 16:05:07.157 INFO [main] org.apache.catalina.startup.VersionLoggerListener.log Command line argument: -Djdk.tls.ephemeralDHKeySize=2048
12-Mar-2018 16:05:07.157 INFO [main] org.apache.catalina.startup.VersionLoggerListener.log Command line argument: -Djava.protocol.handler.pkgs=org.apache.catalina.webresources
12-Mar-2018 16:05:07.157 INFO [main] org.apache.catalina.startup.VersionLoggerListener.log Command line argument: -Dignore.endorsed.dirs=
12-Mar-2018 16:05:07.157 INFO [main] org.apache.catalina.startup.VersionLoggerListener.log Command line argument: -Dcatalina.base=/Users/Alex/Desktop/CMPT470/apache-tomcat-9.0.5
12-Mar-2018 16:05:07.158 INFO [main] org.apache.catalina.startup.VersionLoggerListener.log Command line argument: -Dcatalina.home=/Users/Alex/Desktop/CMPT470/apache-tomcat-9.0.5
12-Mar-2018 16:05:07.158 INFO [main] org.apache.catalina.startup.VersionLoggerListener.log Command line argument: -Djava.io.tmpdir=/Users/Alex/Desktop/CMPT470/apache-tomcat-9.0.5/temp
12-Mar-2018 16:05:07.158 INFO [main] org.apache.catalina.core.AprLifecycleListener.lifecycleEvent The APR based Apache Tomcat Native library which allows optimal performance in production environments was not found on the java.library.path: [/Users/Alex/Library/Java/Extensions:/Library/Java/Extensions:/Network/Library/Java/Extensions:/System/Library/Java/Extensions:/usr/lib/java:.]
12-Mar-2018 16:05:07.369 INFO [main] org.apache.coyote.AbstractProtocol.init Initializing ProtocolHandler ["http-nio-8080"]
12-Mar-2018 16:05:07.406 INFO [main] org.apache.tomcat.util.net.NioSelectorPool.getSharedSelector Using a shared selector for servlet write/read
12-Mar-2018 16:05:07.415 INFO [main] org.apache.coyote.AbstractProtocol.init Initializing ProtocolHandler ["ajp-nio-8009"]
12-Mar-2018 16:05:07.416 INFO [main] org.apache.tomcat.util.net.NioSelectorPool.getSharedSelector Using a shared selector for servlet write/read
12-Mar-2018 16:05:07.416 INFO [main] org.apache.catalina.startup.Catalina.load Initialization processed in 842 ms
12-Mar-2018 16:05:07.452 INFO [main] org.apache.catalina.core.StandardService.startInternal Starting service [Catalina]
12-Mar-2018 16:05:07.452 INFO [main] org.apache.catalina.core.StandardEngine.startInternal Starting Servlet Engine: Apache Tomcat/9.0.5
12-Mar-2018 16:05:07.462 INFO [main] org.apache.catalina.startup.HostConfig.deployDirectory Deploying web application directory [/Users/Alex/Desktop/CMPT470/apache-tomcat-9.0.5/webapps/docs]
12-Mar-2018 16:05:07.903 INFO [main] org.apache.catalina.startup.HostConfig.deployDirectory Deployment of web application directory [/Users/Alex/Desktop/CMPT470/apache-tomcat-9.0.5/webapps/docs] has finished in [440] ms
12-Mar-2018 16:05:07.903 INFO [main] org.apache.catalina.startup.HostConfig.deployDirectory Deploying web application directory [/Users/Alex/Desktop/CMPT470/apache-tomcat-9.0.5/webapps/manager]
12-Mar-2018 16:05:07.943 INFO [main] org.apache.catalina.startup.HostConfig.deployDirectory Deployment of web application directory [/Users/Alex/Desktop/CMPT470/apache-tomcat-9.0.5/webapps/manager] has finished in [39] ms
12-Mar-2018 16:05:07.944 INFO [main] org.apache.catalina.startup.HostConfig.deployDirectory Deploying web application directory [/Users/Alex/Desktop/CMPT470/apache-tomcat-9.0.5/webapps/examples]
12-Mar-2018 16:05:08.357 INFO [main] org.apache.catalina.startup.HostConfig.deployDirectory Deployment of web application directory [/Users/Alex/Desktop/CMPT470/apache-tomcat-9.0.5/webapps/examples] has finished in [414] ms
12-Mar-2018 16:05:08.358 INFO [main] org.apache.catalina.startup.HostConfig.deployDirectory Deploying web application directory [/Users/Alex/Desktop/CMPT470/apache-tomcat-9.0.5/webapps/ROOT]
12-Mar-2018 16:05:08.373 INFO [main] org.apache.catalina.startup.HostConfig.deployDirectory Deployment of web application directory [/Users/Alex/Desktop/CMPT470/apache-tomcat-9.0.5/webapps/ROOT] has finished in [15] ms
12-Mar-2018 16:05:08.374 INFO [main] org.apache.catalina.startup.HostConfig.deployDirectory Deploying web application directory [/Users/Alex/Desktop/CMPT470/apache-tomcat-9.0.5/webapps/host-manager]
12-Mar-2018 16:05:08.395 INFO [main] org.apache.catalina.startup.HostConfig.deployDirectory Deployment of web application directory [/Users/Alex/Desktop/CMPT470/apache-tomcat-9.0.5/webapps/host-manager] has finished in [21] ms
12-Mar-2018 16:05:08.399 INFO [main] org.apache.coyote.AbstractProtocol.start Starting ProtocolHandler ["http-nio-8080"]
12-Mar-2018 16:05:08.408 INFO [main] org.apache.coyote.AbstractProtocol.start Starting ProtocolHandler ["ajp-nio-8009"]
12-Mar-2018 16:05:08.410 INFO [main] org.apache.catalina.startup.Catalina.start Server startup in 993 ms
12-Mar-2018 16:05:09.979 INFO [main] org.apache.catalina.core.StandardServer.await A valid shutdown command was received via the shutdown port. Stopping the Server instance.
12-Mar-2018 16:05:09.979 INFO [main] org.apache.coyote.AbstractProtocol.pause Pausing ProtocolHandler ["http-nio-8080"]
12-Mar-2018 16:05:10.038 INFO [main] org.apache.coyote.AbstractProtocol.pause Pausing ProtocolHandler ["ajp-nio-8009"]
12-Mar-2018 16:05:10.095 INFO [main] org.apache.catalina.core.StandardService.stopInternal Stopping service [Catalina]
12-Mar-2018 16:05:10.131 INFO [main] org.apache.coyote.AbstractProtocol.stop Stopping ProtocolHandler ["http-nio-8080"]
12-Mar-2018 16:05:10.135 INFO [main] org.apache.coyote.AbstractProtocol.stop Stopping ProtocolHandler ["ajp-nio-8009"]
12-Mar-2018 16:05:10.136 INFO [main] org.apache.coyote.AbstractProtocol.destroy Destroying ProtocolHandler ["http-nio-8080"]
12-Mar-2018 16:05:10.137 INFO [main] org.apache.coyote.AbstractProtocol.destroy Destroying ProtocolHandler ["ajp-nio-8009"]
